<?xml version="1.0" encoding="UTF-8"?>
<coverage generated="1642514037524" clover="3.2.0">
  <project timestamp="1642514037524" name="All files">
    <metrics statements="19" coveredstatements="11" conditionals="14" coveredconditionals="9" methods="5" coveredmethods="3" elements="38" coveredelements="23" complexity="0" loc="19" ncloc="19" packages="3" files="3" classes="3"/>
    <package name="src">
      <metrics statements="1" coveredstatements="1" conditionals="0" coveredconditionals="0" methods="1" coveredmethods="1"/>
      <file name="App.tsx" path="/home/rishkp/IdeaProjects/React/react-blinkist-ts/src/App.tsx">
        <metrics statements="1" coveredstatements="1" conditionals="0" coveredconditionals="0" methods="1" coveredmethods="1"/>
        <line num="13" count="5" type="stmt"/>
      </file>
    </package>
    <package name="src.components.molecules.Account">
      <metrics statements="16" coveredstatements="8" conditionals="8" coveredconditionals="3" methods="3" coveredmethods="1"/>
      <file name="AccountDropDown.tsx" path="/home/rishkp/IdeaProjects/React/react-blinkist-ts/src/components/molecules/Account/AccountDropDown.tsx">
        <metrics statements="16" coveredstatements="8" conditionals="8" coveredconditionals="3" methods="3" coveredmethods="1"/>
        <line num="12" count="3" type="stmt"/>
        <line num="62" count="17" type="stmt"/>
        <line num="63" count="14" type="stmt"/>
        <line num="64" count="14" type="stmt"/>
        <line num="65" count="14" type="stmt"/>
        <line num="67" count="14" type="stmt"/>
        <line num="68" count="0" type="stmt"/>
        <line num="69" count="0" type="cond" truecount="0" falsecount="2"/>
        <line num="70" count="0" type="stmt"/>
        <line num="73" count="0" type="stmt"/>
        <line num="74" count="0" type="stmt"/>
        <line num="78" count="14" type="stmt"/>
        <line num="79" count="0" type="stmt"/>
        <line num="80" count="0" type="stmt"/>
        <line num="81" count="0" type="stmt"/>
        <line num="84" count="14" type="stmt"/>
      </file>
    </package>
    <package name="src.components.molecules.BookCard">
      <metrics statements="2" coveredstatements="2" conditionals="6" coveredconditionals="6" methods="1" coveredmethods="1"/>
      <file name="BookCard.tsx" path="/home/rishkp/IdeaProjects/React/react-blinkist-ts/src/components/molecules/BookCard/BookCard.tsx">
        <metrics statements="2" coveredstatements="2" conditionals="6" coveredconditionals="6" methods="1" coveredmethods="1"/>
        <line num="25" count="7" type="stmt"/>
        <line num="96" count="46" type="stmt"/>
      </file>
    </package>
  </project>
</coverage>
