<?xml version="1.0" encoding="UTF-8"?>
<coverage generated="1642495725754" clover="3.2.0">
  <project timestamp="1642495725754" name="All files">
    <metrics statements="169" coveredstatements="100" conditionals="39" coveredconditionals="27" methods="54" coveredmethods="31" elements="262" coveredelements="158" complexity="0" loc="169" ncloc="169" packages="16" files="31" classes="31"/>
    <package name="src">
      <metrics statements="3" coveredstatements="1" conditionals="0" coveredconditionals="0" methods="1" coveredmethods="1"/>
      <file name="App.tsx" path="/home/rishkp/IdeaProjects/React/react-blinkist-ts/src/App.tsx">
        <metrics statements="1" coveredstatements="1" conditionals="0" coveredconditionals="0" methods="1" coveredmethods="1"/>
        <line num="14" count="5" type="stmt"/>
      </file>
      <file name="index.tsx" path="/home/rishkp/IdeaProjects/React/react-blinkist-ts/src/index.tsx">
        <metrics statements="2" coveredstatements="0" conditionals="0" coveredconditionals="0" methods="0" coveredmethods="0"/>
        <line num="6" count="0" type="stmt"/>
        <line num="12" count="0" type="stmt"/>
      </file>
    </package>
    <package name="src.Theme">
      <metrics statements="1" coveredstatements="1" conditionals="0" coveredconditionals="0" methods="0" coveredmethods="0"/>
      <file name="Theme.tsx" path="/home/rishkp/IdeaProjects/React/react-blinkist-ts/src/Theme/Theme.tsx">
        <metrics statements="1" coveredstatements="1" conditionals="0" coveredconditionals="0" methods="0" coveredmethods="0"/>
        <line num="4" count="1" type="stmt"/>
      </file>
    </package>
    <package name="src.components.atoms.Buttons">
      <metrics statements="10" coveredstatements="6" conditionals="0" coveredconditionals="0" methods="4" coveredmethods="3"/>
      <file name="CustomIconButton.tsx" path="/home/rishkp/IdeaProjects/React/react-blinkist-ts/src/components/atoms/Buttons/CustomIconButton.tsx">
        <metrics statements="2" coveredstatements="2" conditionals="0" coveredconditionals="0" methods="1" coveredmethods="1"/>
        <line num="12" count="3" type="stmt"/>
        <line num="13" count="11" type="stmt"/>
      </file>
      <file name="DefaultButton.tsx" path="/home/rishkp/IdeaProjects/React/react-blinkist-ts/src/components/atoms/Buttons/DefaultButton.tsx">
        <metrics statements="2" coveredstatements="2" conditionals="0" coveredconditionals="0" methods="1" coveredmethods="1"/>
        <line num="13" count="1" type="stmt"/>
        <line num="14" count="2" type="stmt"/>
      </file>
      <file name="EndIconButton.stories.tsx" path="/home/rishkp/IdeaProjects/React/react-blinkist-ts/src/components/atoms/Buttons/EndIconButton.stories.tsx">
        <metrics statements="4" coveredstatements="0" conditionals="0" coveredconditionals="0" methods="1" coveredmethods="0"/>
        <line num="11" count="0" type="stmt"/>
        <line num="12" count="0" type="stmt"/>
        <line num="15" count="0" type="stmt"/>
        <line num="17" count="0" type="stmt"/>
      </file>
      <file name="EndIconButton.tsx" path="/home/rishkp/IdeaProjects/React/react-blinkist-ts/src/components/atoms/Buttons/EndIconButton.tsx">
        <metrics statements="2" coveredstatements="2" conditionals="0" coveredconditionals="0" methods="1" coveredmethods="1"/>
        <line num="15" count="1" type="stmt"/>
        <line num="16" count="3" type="stmt"/>
      </file>
    </package>
    <package name="src.components.atoms.Logo">
      <metrics statements="3" coveredstatements="1" conditionals="0" coveredconditionals="0" methods="2" coveredmethods="1"/>
      <file name="Logo.stories.tsx" path="/home/rishkp/IdeaProjects/React/react-blinkist-ts/src/components/atoms/Logo/Logo.stories.tsx">
        <metrics statements="2" coveredstatements="0" conditionals="0" coveredconditionals="0" methods="1" coveredmethods="0"/>
        <line num="10" count="0" type="stmt"/>
        <line num="12" count="0" type="stmt"/>
      </file>
      <file name="Logo.tsx" path="/home/rishkp/IdeaProjects/React/react-blinkist-ts/src/components/atoms/Logo/Logo.tsx">
        <metrics statements="1" coveredstatements="1" conditionals="0" coveredconditionals="0" methods="1" coveredmethods="1"/>
        <line num="5" count="14" type="stmt"/>
      </file>
    </package>
    <package name="src.components.molecules.Account">
      <metrics statements="19" coveredstatements="8" conditionals="8" coveredconditionals="3" methods="4" coveredmethods="1"/>
      <file name="AccountDropDown.stories.tsx" path="/home/rishkp/IdeaProjects/React/react-blinkist-ts/src/components/molecules/Account/AccountDropDown.stories.tsx">
        <metrics statements="3" coveredstatements="0" conditionals="0" coveredconditionals="0" methods="1" coveredmethods="0"/>
        <line num="10" count="0" type="stmt"/>
        <line num="11" count="0" type="stmt"/>
        <line num="14" count="0" type="stmt"/>
      </file>
      <file name="AccountDropDown.tsx" path="/home/rishkp/IdeaProjects/React/react-blinkist-ts/src/components/molecules/Account/AccountDropDown.tsx">
        <metrics statements="16" coveredstatements="8" conditionals="8" coveredconditionals="3" methods="3" coveredmethods="1"/>
        <line num="12" count="3" type="stmt"/>
        <line num="62" count="17" type="stmt"/>
        <line num="63" count="14" type="stmt"/>
        <line num="64" count="14" type="stmt"/>
        <line num="65" count="14" type="stmt"/>
        <line num="67" count="14" type="stmt"/>
        <line num="68" count="0" type="stmt"/>
        <line num="69" count="0" type="stmt"/>
        <line num="70" count="0" type="cond" truecount="0" falsecount="2"/>
        <line num="71" count="0" type="stmt"/>
        <line num="74" count="0" type="stmt"/>
        <line num="78" count="14" type="stmt"/>
        <line num="79" count="0" type="stmt"/>
        <line num="80" count="0" type="stmt"/>
        <line num="81" count="0" type="stmt"/>
        <line num="84" count="14" type="stmt"/>
      </file>
    </package>
    <package name="src.components.molecules.BookCard">
      <metrics statements="8" coveredstatements="2" conditionals="6" coveredconditionals="6" methods="2" coveredmethods="1"/>
      <file name="BookCard.stories.tsx" path="/home/rishkp/IdeaProjects/React/react-blinkist-ts/src/components/molecules/BookCard/BookCard.stories.tsx">
        <metrics statements="6" coveredstatements="0" conditionals="0" coveredconditionals="0" methods="1" coveredmethods="0"/>
        <line num="10" count="0" type="stmt"/>
        <line num="11" count="0" type="stmt"/>
        <line num="14" count="0" type="stmt"/>
        <line num="16" count="0" type="stmt"/>
        <line num="26" count="0" type="stmt"/>
        <line num="28" count="0" type="stmt"/>
      </file>
      <file name="BookCard.tsx" path="/home/rishkp/IdeaProjects/React/react-blinkist-ts/src/components/molecules/BookCard/BookCard.tsx">
        <metrics statements="2" coveredstatements="2" conditionals="6" coveredconditionals="6" methods="1" coveredmethods="1"/>
        <line num="24" count="7" type="stmt"/>
        <line num="95" count="46" type="stmt"/>
      </file>
    </package>
    <package name="src.components.molecules.SearchInput">
      <metrics statements="8" coveredstatements="5" conditionals="0" coveredconditionals="0" methods="3" coveredmethods="2"/>
      <file name="SearchInput.stories.tsx" path="/home/rishkp/IdeaProjects/React/react-blinkist-ts/src/components/molecules/SearchInput/SearchInput.stories.tsx">
        <metrics statements="3" coveredstatements="0" conditionals="0" coveredconditionals="0" methods="1" coveredmethods="0"/>
        <line num="10" count="0" type="stmt"/>
        <line num="11" count="0" type="stmt"/>
        <line num="14" count="0" type="stmt"/>
      </file>
      <file name="SearchInput.tsx" path="/home/rishkp/IdeaProjects/React/react-blinkist-ts/src/components/molecules/SearchInput/SearchInput.tsx">
        <metrics statements="5" coveredstatements="5" conditionals="0" coveredconditionals="0" methods="2" coveredmethods="2"/>
        <line num="13" count="8" type="stmt"/>
        <line num="14" count="8" type="stmt"/>
        <line num="15" count="4" type="stmt"/>
        <line num="16" count="4" type="stmt"/>
        <line num="19" count="8" type="stmt"/>
      </file>
    </package>
    <package name="src.components.organisms.CardGrid">
      <metrics statements="9" coveredstatements="5" conditionals="2" coveredconditionals="2" methods="3" coveredmethods="2"/>
      <file name="CardGrid.stories.tsx" path="/home/rishkp/IdeaProjects/React/react-blinkist-ts/src/components/organisms/CardGrid/CardGrid.stories.tsx">
        <metrics statements="4" coveredstatements="0" conditionals="0" coveredconditionals="0" methods="1" coveredmethods="0"/>
        <line num="11" count="0" type="stmt"/>
        <line num="12" count="0" type="stmt"/>
        <line num="15" count="0" type="stmt"/>
        <line num="17" count="0" type="stmt"/>
      </file>
      <file name="CardGrid.tsx" path="/home/rishkp/IdeaProjects/React/react-blinkist-ts/src/components/organisms/CardGrid/CardGrid.tsx">
        <metrics statements="5" coveredstatements="5" conditionals="2" coveredconditionals="2" methods="2" coveredmethods="2"/>
        <line num="21" count="5" type="stmt"/>
        <line num="22" count="21" type="stmt"/>
        <line num="25" count="24" type="cond" truecount="2" falsecount="0"/>
        <line num="26" count="4" type="stmt"/>
        <line num="43" count="20" type="stmt"/>
      </file>
    </package>
    <package name="src.components.organisms.Explore">
      <metrics statements="16" coveredstatements="13" conditionals="8" coveredconditionals="7" methods="5" coveredmethods="4"/>
      <file name="ExploreDialog.stories.tsx" path="/home/rishkp/IdeaProjects/React/react-blinkist-ts/src/components/organisms/Explore/ExploreDialog.stories.tsx">
        <metrics statements="3" coveredstatements="0" conditionals="0" coveredconditionals="0" methods="1" coveredmethods="0"/>
        <line num="10" count="0" type="stmt"/>
        <line num="11" count="0" type="stmt"/>
        <line num="14" count="0" type="stmt"/>
      </file>
      <file name="ExploreDialog.tsx" path="/home/rishkp/IdeaProjects/React/react-blinkist-ts/src/components/organisms/Explore/ExploreDialog.tsx">
        <metrics statements="13" coveredstatements="13" conditionals="8" coveredconditionals="7" methods="4" coveredmethods="4"/>
        <line num="14" count="3" type="stmt"/>
        <line num="79" count="3" type="stmt"/>
        <line num="95" count="18" type="stmt"/>
        <line num="96" count="18" type="stmt"/>
        <line num="97" count="18" type="stmt"/>
        <line num="98" count="18" type="stmt"/>
        <line num="99" count="4" type="stmt"/>
        <line num="100" count="4" type="cond" truecount="2" falsecount="0"/>
        <line num="102" count="18" type="stmt"/>
        <line num="103" count="2" type="stmt"/>
        <line num="104" count="2" type="cond" truecount="1" falsecount="1"/>
        <line num="107" count="18" type="stmt"/>
        <line num="167" count="216" type="stmt"/>
      </file>
    </package>
    <package name="src.components.organisms.MainHeader">
      <metrics statements="4" coveredstatements="1" conditionals="0" coveredconditionals="0" methods="2" coveredmethods="1"/>
      <file name="MainHeader.stories.tsx" path="/home/rishkp/IdeaProjects/React/react-blinkist-ts/src/components/organisms/MainHeader/MainHeader.stories.tsx">
        <metrics statements="3" coveredstatements="0" conditionals="0" coveredconditionals="0" methods="1" coveredmethods="0"/>
        <line num="10" count="0" type="stmt"/>
        <line num="11" count="0" type="stmt"/>
        <line num="14" count="0" type="stmt"/>
      </file>
      <file name="MainHeader.tsx" path="/home/rishkp/IdeaProjects/React/react-blinkist-ts/src/components/organisms/MainHeader/MainHeader.tsx">
        <metrics statements="1" coveredstatements="1" conditionals="0" coveredconditionals="0" methods="1" coveredmethods="1"/>
        <line num="14" count="12" type="stmt"/>
      </file>
    </package>
    <package name="src.components.organisms.MyLibraryTab">
      <metrics statements="22" coveredstatements="14" conditionals="2" coveredconditionals="1" methods="6" coveredmethods="5"/>
      <file name="MyLibrary.stories.tsx" path="/home/rishkp/IdeaProjects/React/react-blinkist-ts/src/components/organisms/MyLibraryTab/MyLibrary.stories.tsx">
        <metrics statements="3" coveredstatements="0" conditionals="0" coveredconditionals="0" methods="1" coveredmethods="0"/>
        <line num="10" count="0" type="stmt"/>
        <line num="11" count="0" type="stmt"/>
        <line num="14" count="0" type="stmt"/>
      </file>
      <file name="MyLibraryTab.tsx" path="/home/rishkp/IdeaProjects/React/react-blinkist-ts/src/components/organisms/MyLibraryTab/MyLibraryTab.tsx">
        <metrics statements="19" coveredstatements="14" conditionals="2" coveredconditionals="1" methods="5" coveredmethods="5"/>
        <line num="13" count="3" type="stmt"/>
        <line num="25" count="12" type="stmt"/>
        <line num="26" count="12" type="stmt"/>
        <line num="27" count="12" type="stmt"/>
        <line num="29" count="12" type="stmt"/>
        <line num="30" count="2" type="stmt"/>
        <line num="33" count="12" type="stmt"/>
        <line num="35" count="6" type="cond" truecount="1" falsecount="1"/>
        <line num="36" count="6" type="stmt"/>
        <line num="43" count="0" type="stmt"/>
        <line num="50" count="0" type="stmt"/>
        <line num="53" count="12" type="stmt"/>
        <line num="54" count="6" type="stmt"/>
        <line num="55" count="6" type="stmt"/>
        <line num="56" count="0" type="stmt"/>
        <line num="57" count="0" type="stmt"/>
        <line num="58" count="0" type="stmt"/>
        <line num="60" count="6" type="stmt"/>
        <line num="63" count="12" type="stmt"/>
      </file>
    </package>
    <package name="src.components.pages">
      <metrics statements="2" coveredstatements="1" conditionals="0" coveredconditionals="0" methods="1" coveredmethods="0"/>
      <file name="NotFound.tsx" path="/home/rishkp/IdeaProjects/React/react-blinkist-ts/src/components/pages/NotFound.tsx">
        <metrics statements="2" coveredstatements="1" conditionals="0" coveredconditionals="0" methods="1" coveredmethods="0"/>
        <line num="3" count="1" type="stmt"/>
        <line num="4" count="0" type="stmt"/>
      </file>
    </package>
    <package name="src.components.pages.BookInfo">
      <metrics statements="26" coveredstatements="11" conditionals="7" coveredconditionals="4" methods="10" coveredmethods="2"/>
      <file name="BookInfo.stories.tsx" path="/home/rishkp/IdeaProjects/React/react-blinkist-ts/src/components/pages/BookInfo/BookInfo.stories.tsx">
        <metrics statements="3" coveredstatements="0" conditionals="0" coveredconditionals="0" methods="1" coveredmethods="0"/>
        <line num="10" count="0" type="stmt"/>
        <line num="11" count="0" type="stmt"/>
        <line num="14" count="0" type="stmt"/>
      </file>
      <file name="BookInfo.tsx" path="/home/rishkp/IdeaProjects/React/react-blinkist-ts/src/components/pages/BookInfo/BookInfo.tsx">
        <metrics statements="23" coveredstatements="11" conditionals="7" coveredconditionals="4" methods="9" coveredmethods="2"/>
        <line num="30" count="2" type="stmt"/>
        <line num="77" count="5" type="stmt"/>
        <line num="78" count="4" type="stmt"/>
        <line num="79" count="4" type="stmt"/>
        <line num="81" count="4" type="stmt"/>
        <line num="82" count="0" type="stmt"/>
        <line num="83" count="0" type="stmt"/>
        <line num="84" count="0" type="stmt"/>
        <line num="85" count="0" type="stmt"/>
        <line num="86" count="0" type="stmt"/>
        <line num="88" count="0" type="stmt"/>
        <line num="91" count="4" type="stmt"/>
        <line num="92" count="0" type="stmt"/>
        <line num="93" count="0" type="stmt"/>
        <line num="104" count="0" type="stmt"/>
        <line num="107" count="4" type="stmt"/>
        <line num="108" count="0" type="stmt"/>
        <line num="111" count="4" type="stmt"/>
        <line num="112" count="0" type="stmt"/>
        <line num="115" count="4" type="stmt"/>
        <line num="116" count="0" type="stmt"/>
        <line num="119" count="4" type="stmt"/>
        <line num="250" count="12" type="stmt"/>
      </file>
    </package>
    <package name="src.components.pages.Explore">
      <metrics statements="31" coveredstatements="27" conditionals="6" coveredconditionals="4" methods="9" coveredmethods="7"/>
      <file name="Explore.stories.tsx" path="/home/rishkp/IdeaProjects/React/react-blinkist-ts/src/components/pages/Explore/Explore.stories.tsx">
        <metrics statements="3" coveredstatements="0" conditionals="0" coveredconditionals="0" methods="1" coveredmethods="0"/>
        <line num="10" count="0" type="stmt"/>
        <line num="11" count="0" type="stmt"/>
        <line num="14" count="0" type="stmt"/>
      </file>
      <file name="Explore.tsx" path="/home/rishkp/IdeaProjects/React/react-blinkist-ts/src/components/pages/Explore/Explore.tsx">
        <metrics statements="28" coveredstatements="27" conditionals="6" coveredconditionals="4" methods="8" coveredmethods="7"/>
        <line num="20" count="2" type="stmt"/>
        <line num="21" count="5" type="stmt"/>
        <line num="22" count="4" type="stmt"/>
        <line num="23" count="4" type="stmt"/>
        <line num="24" count="4" type="stmt"/>
        <line num="26" count="4" type="stmt"/>
        <line num="27" count="4" type="stmt"/>
        <line num="28" count="2" type="stmt"/>
        <line num="31" count="4" type="stmt"/>
        <line num="32" count="2" type="stmt"/>
        <line num="33" count="2" type="stmt"/>
        <line num="34" count="1" type="stmt"/>
        <line num="36" count="2" type="stmt"/>
        <line num="39" count="4" type="stmt"/>
        <line num="40" count="2" type="stmt"/>
        <line num="41" count="2" type="stmt"/>
        <line num="42" count="1" type="stmt"/>
        <line num="43" count="1" type="stmt"/>
        <line num="45" count="2" type="stmt"/>
        <line num="48" count="4" type="stmt"/>
        <line num="49" count="2" type="stmt"/>
        <line num="50" count="2" type="stmt"/>
        <line num="51" count="2" type="cond" truecount="4" falsecount="0"/>
        <line num="52" count="1" type="stmt"/>
        <line num="55" count="1" type="stmt"/>
        <line num="56" count="0" type="cond" truecount="0" falsecount="2"/>
        <line num="59" count="1" type="stmt"/>
        <line num="64" count="4" type="stmt"/>
      </file>
    </package>
    <package name="src.components.pages.MyLibrary">
      <metrics statements="4" coveredstatements="1" conditionals="0" coveredconditionals="0" methods="2" coveredmethods="1"/>
      <file name="MyLibrary.stories.tsx" path="/home/rishkp/IdeaProjects/React/react-blinkist-ts/src/components/pages/MyLibrary/MyLibrary.stories.tsx">
        <metrics statements="3" coveredstatements="0" conditionals="0" coveredconditionals="0" methods="1" coveredmethods="0"/>
        <line num="10" count="0" type="stmt"/>
        <line num="11" count="0" type="stmt"/>
        <line num="14" count="0" type="stmt"/>
      </file>
      <file name="MyLibrary.tsx" path="/home/rishkp/IdeaProjects/React/react-blinkist-ts/src/components/pages/MyLibrary/MyLibrary.tsx">
        <metrics statements="1" coveredstatements="1" conditionals="0" coveredconditionals="0" methods="1" coveredmethods="1"/>
        <line num="7" count="6" type="stmt"/>
      </file>
    </package>
    <package name="src.data">
      <metrics statements="3" coveredstatements="3" conditionals="0" coveredconditionals="0" methods="0" coveredmethods="0"/>
      <file name="booksdata.js" path="/home/rishkp/IdeaProjects/React/react-blinkist-ts/src/data/booksdata.js">
        <metrics statements="3" coveredstatements="3" conditionals="0" coveredconditionals="0" methods="0" coveredmethods="0"/>
        <line num="16" count="5" type="stmt"/>
        <line num="31" count="5" type="stmt"/>
        <line num="46" count="5" type="stmt"/>
      </file>
    </package>
  </project>
</coverage>
