{"/home/rishkp/IdeaProjects/React/react-blinkist-ts/src/App.tsx": {"path":"/home/rishkp/IdeaProjects/React/react-blinkist-ts/src/App.tsx","statementMap":{"0":{"start":{"line":13,"column":2},"end":{"line":27,"column":4}}},"fnMap":{"0":{"name":"App","decl":{"start":{"line":12,"column":9},"end":{"line":12,"column":12}},"loc":{"start":{"line":12,"column":15},"end":{"line":28,"column":1}},"line":12}},"branchMap":{},"s":{"0":4},"f":{"0":4},"b":{},"_coverageSchema":"1a1c01bbd47fc00a2c39e90264f33305004495a9","hash":"5a6b70a1469eeed3af5ee4aeb8dd2b303dc1bcb0"}
,"/home/rishkp/IdeaProjects/React/react-blinkist-ts/src/Theme/Theme.tsx": {"path":"/home/rishkp/IdeaProjects/React/react-blinkist-ts/src/Theme/Theme.tsx","statementMap":{"0":{"start":{"line":4,"column":21},"end":{"line":176,"column":2}}},"fnMap":{},"branchMap":{},"s":{"0":1},"f":{},"b":{},"_coverageSchema":"1a1c01bbd47fc00a2c39e90264f33305004495a9","hash":"9aa304cb3764e057b7e6e23fc5a3ae8a687864a0"}
,"/home/rishkp/IdeaProjects/React/react-blinkist-ts/src/api/books.ts": {"path":"/home/rishkp/IdeaProjects/React/react-blinkist-ts/src/api/books.ts","statementMap":{},"fnMap":{},"branchMap":{},"s":{},"f":{},"b":{},"_coverageSchema":"1a1c01bbd47fc00a2c39e90264f33305004495a9","hash":"152b1908b101f507f34d92046b3b3ce44b37d4a5"}
,"/home/rishkp/IdeaProjects/React/react-blinkist-ts/src/components/atoms/Buttons/CustomIconButton.tsx": {"path":"/home/rishkp/IdeaProjects/React/react-blinkist-ts/src/components/atoms/Buttons/CustomIconButton.tsx","statementMap":{"0":{"start":{"line":12,"column":25},"end":{"line":18,"column":1}},"1":{"start":{"line":13,"column":2},"end":{"line":17,"column":4}}},"fnMap":{"0":{"name":"(anonymous_0)","decl":{"start":{"line":12,"column":25},"end":{"line":12,"column":26}},"loc":{"start":{"line":12,"column":59},"end":{"line":18,"column":1}},"line":12}},"branchMap":{},"s":{"0":3,"1":11},"f":{"0":11},"b":{},"_coverageSchema":"1a1c01bbd47fc00a2c39e90264f33305004495a9","hash":"8237ce3b5e0c6fd1ceefff948ae788c64e8ee39b"}
,"/home/rishkp/IdeaProjects/React/react-blinkist-ts/src/components/atoms/Buttons/DefaultButton.tsx": {"path":"/home/rishkp/IdeaProjects/React/react-blinkist-ts/src/components/atoms/Buttons/DefaultButton.tsx","statementMap":{"0":{"start":{"line":13,"column":22},"end":{"line":27,"column":1}},"1":{"start":{"line":14,"column":2},"end":{"line":26,"column":4}}},"fnMap":{"0":{"name":"(anonymous_0)","decl":{"start":{"line":13,"column":22},"end":{"line":13,"column":23}},"loc":{"start":{"line":13,"column":53},"end":{"line":27,"column":1}},"line":13}},"branchMap":{},"s":{"0":1,"1":2},"f":{"0":2},"b":{},"_coverageSchema":"1a1c01bbd47fc00a2c39e90264f33305004495a9","hash":"bdd53ce80e393e58ca34d3a2445d935989756c0e"}
,"/home/rishkp/IdeaProjects/React/react-blinkist-ts/src/components/atoms/Buttons/EndIconButton.tsx": {"path":"/home/rishkp/IdeaProjects/React/react-blinkist-ts/src/components/atoms/Buttons/EndIconButton.tsx","statementMap":{"0":{"start":{"line":15,"column":22},"end":{"line":30,"column":1}},"1":{"start":{"line":16,"column":2},"end":{"line":29,"column":4}}},"fnMap":{"0":{"name":"(anonymous_0)","decl":{"start":{"line":15,"column":22},"end":{"line":15,"column":23}},"loc":{"start":{"line":15,"column":53},"end":{"line":30,"column":1}},"line":15}},"branchMap":{},"s":{"0":1,"1":3},"f":{"0":3},"b":{},"_coverageSchema":"1a1c01bbd47fc00a2c39e90264f33305004495a9","hash":"50af1737aa9ce5db636c468dca2cbf9a337f7922"}
,"/home/rishkp/IdeaProjects/React/react-blinkist-ts/src/components/atoms/Logo/Logo.tsx": {"path":"/home/rishkp/IdeaProjects/React/react-blinkist-ts/src/components/atoms/Logo/Logo.tsx","statementMap":{"0":{"start":{"line":5,"column":4},"end":{"line":7,"column":6}}},"fnMap":{"0":{"name":"Logo","decl":{"start":{"line":4,"column":24},"end":{"line":4,"column":28}},"loc":{"start":{"line":4,"column":30},"end":{"line":8,"column":1}},"line":4}},"branchMap":{},"s":{"0":11},"f":{"0":11},"b":{},"_coverageSchema":"1a1c01bbd47fc00a2c39e90264f33305004495a9","hash":"68925c9c3404fa1b63a69086f7107d317fe15d61"}
,"/home/rishkp/IdeaProjects/React/react-blinkist-ts/src/components/molecules/Account/AccountDropDown.tsx": {"path":"/home/rishkp/IdeaProjects/React/react-blinkist-ts/src/components/molecules/Account/AccountDropDown.tsx","statementMap":{"0":{"start":{"line":12,"column":14},"end":{"line":59,"column":2}},"1":{"start":{"line":62,"column":32},"end":{"line":62,"column":53}},"2":{"start":{"line":63,"column":28},"end":{"line":63,"column":69}},"3":{"start":{"line":64,"column":36},"end":{"line":64,"column":76}},"4":{"start":{"line":65,"column":17},"end":{"line":65,"column":34}},"5":{"start":{"line":67,"column":24},"end":{"line":76,"column":5}},"6":{"start":{"line":68,"column":8},"end":{"line":68,"column":41}},"7":{"start":{"line":69,"column":8},"end":{"line":74,"column":9}},"8":{"start":{"line":70,"column":12},"end":{"line":70,"column":26}},"9":{"start":{"line":73,"column":12},"end":{"line":73,"column":45}},"10":{"start":{"line":75,"column":8},"end":{"line":75,"column":27}},"11":{"start":{"line":78,"column":24},"end":{"line":82,"column":5}},"12":{"start":{"line":79,"column":8},"end":{"line":79,"column":25}},"13":{"start":{"line":80,"column":8},"end":{"line":80,"column":26}},"14":{"start":{"line":81,"column":8},"end":{"line":81,"column":43}},"15":{"start":{"line":84,"column":4},"end":{"line":138,"column":6}}},"fnMap":{"0":{"name":"AccountDropdown","decl":{"start":{"line":61,"column":24},"end":{"line":61,"column":39}},"loc":{"start":{"line":61,"column":42},"end":{"line":139,"column":1}},"line":61},"1":{"name":"(anonymous_1)","decl":{"start":{"line":67,"column":24},"end":{"line":67,"column":25}},"loc":{"start":{"line":67,"column":72},"end":{"line":76,"column":5}},"line":67},"2":{"name":"(anonymous_2)","decl":{"start":{"line":78,"column":24},"end":{"line":78,"column":25}},"loc":{"start":{"line":78,"column":30},"end":{"line":82,"column":5}},"line":78}},"branchMap":{"0":{"loc":{"start":{"line":69,"column":8},"end":{"line":74,"column":9}},"type":"if","locations":[{"start":{"line":69,"column":8},"end":{"line":74,"column":9}},{"start":{"line":72,"column":12},"end":{"line":74,"column":9}}],"line":69},"1":{"loc":{"start":{"line":89,"column":35},"end":{"line":89,"column":68}},"type":"cond-expr","locations":[{"start":{"line":89,"column":42},"end":{"line":89,"column":56}},{"start":{"line":89,"column":59},"end":{"line":89,"column":68}}],"line":89},"2":{"loc":{"start":{"line":91,"column":35},"end":{"line":91,"column":60}},"type":"cond-expr","locations":[{"start":{"line":91,"column":42},"end":{"line":91,"column":48}},{"start":{"line":91,"column":51},"end":{"line":91,"column":60}}],"line":91},"3":{"loc":{"start":{"line":103,"column":26},"end":{"line":105,"column":50}},"type":"cond-expr","locations":[{"start":{"line":104,"column":30},"end":{"line":104,"column":53}},{"start":{"line":105,"column":30},"end":{"line":105,"column":50}}],"line":103}},"s":{"0":3,"1":21,"2":21,"3":21,"4":21,"5":21,"6":7,"7":7,"8":3,"9":4,"10":7,"11":21,"12":3,"13":3,"14":3,"15":21},"f":{"0":21,"1":7,"2":3},"b":{"0":[3,4],"1":[4,17],"2":[4,17],"3":[17,4]},"_coverageSchema":"1a1c01bbd47fc00a2c39e90264f33305004495a9","hash":"772a30586745ec139b27544c69262e8071851a38"}
,"/home/rishkp/IdeaProjects/React/react-blinkist-ts/src/components/molecules/BookCard/BookCard.tsx": {"path":"/home/rishkp/IdeaProjects/React/react-blinkist-ts/src/components/molecules/BookCard/BookCard.tsx","statementMap":{"0":{"start":{"line":24,"column":21},"end":{"line":91,"column":2}},"1":{"start":{"line":95,"column":4},"end":{"line":150,"column":6}}},"fnMap":{"0":{"name":"BookCard","decl":{"start":{"line":94,"column":24},"end":{"line":94,"column":32}},"loc":{"start":{"line":94,"column":55},"end":{"line":151,"column":1}},"line":94}},"branchMap":{"0":{"loc":{"start":{"line":123,"column":29},"end":{"line":127,"column":29}},"type":"binary-expr","locations":[{"start":{"line":123,"column":29},"end":{"line":123,"column":48}},{"start":{"line":124,"column":32},"end":{"line":126,"column":38}}],"line":123},"1":{"loc":{"start":{"line":132,"column":29},"end":{"line":141,"column":29}},"type":"binary-expr","locations":[{"start":{"line":132,"column":29},"end":{"line":132,"column":49}},{"start":{"line":133,"column":32},"end":{"line":140,"column":41}}],"line":132},"2":{"loc":{"start":{"line":142,"column":29},"end":{"line":144,"column":29}},"type":"binary-expr","locations":[{"start":{"line":142,"column":29},"end":{"line":142,"column":48}},{"start":{"line":143,"column":32},"end":{"line":143,"column":130}}],"line":142}},"s":{"0":7,"1":55},"f":{"0":55},"b":{"0":[55,23],"1":[55,32],"2":[55,23]},"_coverageSchema":"1a1c01bbd47fc00a2c39e90264f33305004495a9","hash":"b766777c7a63a3d40f7d72153ab5382edd9a8cd0"}
,"/home/rishkp/IdeaProjects/React/react-blinkist-ts/src/components/molecules/SearchInput/SearchInput.tsx": {"path":"/home/rishkp/IdeaProjects/React/react-blinkist-ts/src/components/molecules/SearchInput/SearchInput.tsx","statementMap":{"0":{"start":{"line":13,"column":38},"end":{"line":13,"column":50}},"1":{"start":{"line":14,"column":22},"end":{"line":17,"column":3}},"2":{"start":{"line":15,"column":4},"end":{"line":15,"column":38}},"3":{"start":{"line":16,"column":4},"end":{"line":16,"column":39}},"4":{"start":{"line":19,"column":2},"end":{"line":29,"column":4}}},"fnMap":{"0":{"name":"SearchInput","decl":{"start":{"line":12,"column":24},"end":{"line":12,"column":35}},"loc":{"start":{"line":12,"column":50},"end":{"line":30,"column":1}},"line":12},"1":{"name":"(anonymous_1)","decl":{"start":{"line":14,"column":22},"end":{"line":14,"column":23}},"loc":{"start":{"line":14,"column":70},"end":{"line":17,"column":3}},"line":14}},"branchMap":{},"s":{"0":9,"1":9,"2":4,"3":4,"4":9},"f":{"0":9,"1":4},"b":{},"_coverageSchema":"1a1c01bbd47fc00a2c39e90264f33305004495a9","hash":"cd531ab4fae3b1d721250d70093fd8da1253a9c9"}
,"/home/rishkp/IdeaProjects/React/react-blinkist-ts/src/components/organisms/CardGrid/CardGrid.tsx": {"path":"/home/rishkp/IdeaProjects/React/react-blinkist-ts/src/components/organisms/CardGrid/CardGrid.tsx","statementMap":{"0":{"start":{"line":21,"column":17},"end":{"line":60,"column":1}},"1":{"start":{"line":22,"column":2},"end":{"line":59,"column":4}},"2":{"start":{"line":25,"column":8},"end":{"line":42,"column":9}},"3":{"start":{"line":26,"column":10},"end":{"line":41,"column":12}},"4":{"start":{"line":43,"column":8},"end":{"line":56,"column":10}}},"fnMap":{"0":{"name":"(anonymous_0)","decl":{"start":{"line":21,"column":17},"end":{"line":21,"column":18}},"loc":{"start":{"line":21,"column":43},"end":{"line":60,"column":1}},"line":21},"1":{"name":"(anonymous_1)","decl":{"start":{"line":24,"column":23},"end":{"line":24,"column":24}},"loc":{"start":{"line":24,"column":54},"end":{"line":57,"column":7}},"line":24}},"branchMap":{"0":{"loc":{"start":{"line":25,"column":8},"end":{"line":42,"column":9}},"type":"if","locations":[{"start":{"line":25,"column":8},"end":{"line":42,"column":9}},{"start":{},"end":{}}],"line":25}},"s":{"0":5,"1":21,"2":24,"3":4,"4":20},"f":{"0":21,"1":24},"b":{"0":[4,20]},"_coverageSchema":"1a1c01bbd47fc00a2c39e90264f33305004495a9","hash":"d3aac834de8d6e20bfe7177a0c31083ec0b1482d"}
,"/home/rishkp/IdeaProjects/React/react-blinkist-ts/src/components/organisms/Explore/ExploreDialog.tsx": {"path":"/home/rishkp/IdeaProjects/React/react-blinkist-ts/src/components/organisms/Explore/ExploreDialog.tsx","statementMap":{"0":{"start":{"line":14,"column":14},"end":{"line":77,"column":2}},"1":{"start":{"line":79,"column":25},"end":{"line":91,"column":3}},"2":{"start":{"line":95,"column":36},"end":{"line":95,"column":76}},"3":{"start":{"line":96,"column":28},"end":{"line":96,"column":45}},"4":{"start":{"line":97,"column":17},"end":{"line":97,"column":34}},"5":{"start":{"line":98,"column":24},"end":{"line":101,"column":5}},"6":{"start":{"line":99,"column":8},"end":{"line":99,"column":41}},"7":{"start":{"line":100,"column":8},"end":{"line":100,"column":39}},"8":{"start":{"line":102,"column":24},"end":{"line":105,"column":5}},"9":{"start":{"line":103,"column":8},"end":{"line":103,"column":26}},"10":{"start":{"line":104,"column":8},"end":{"line":104,"column":39}},"11":{"start":{"line":107,"column":4},"end":{"line":184,"column":6}},"12":{"start":{"line":167,"column":32},"end":{"line":177,"column":34}}},"fnMap":{"0":{"name":"ExploreDialog","decl":{"start":{"line":94,"column":24},"end":{"line":94,"column":37}},"loc":{"start":{"line":94,"column":40},"end":{"line":185,"column":1}},"line":94},"1":{"name":"(anonymous_1)","decl":{"start":{"line":98,"column":24},"end":{"line":98,"column":25}},"loc":{"start":{"line":98,"column":72},"end":{"line":101,"column":5}},"line":98},"2":{"name":"(anonymous_2)","decl":{"start":{"line":102,"column":24},"end":{"line":102,"column":25}},"loc":{"start":{"line":102,"column":30},"end":{"line":105,"column":5}},"line":102},"3":{"name":"(anonymous_3)","decl":{"start":{"line":166,"column":44},"end":{"line":166,"column":45}},"loc":{"start":{"line":166,"column":85},"end":{"line":178,"column":29}},"line":166}},"branchMap":{"0":{"loc":{"start":{"line":100,"column":8},"end":{"line":100,"column":38}},"type":"cond-expr","locations":[{"start":{"line":100,"column":15},"end":{"line":100,"column":25}},{"start":{"line":100,"column":28},"end":{"line":100,"column":38}}],"line":100},"1":{"loc":{"start":{"line":104,"column":8},"end":{"line":104,"column":38}},"type":"cond-expr","locations":[{"start":{"line":104,"column":15},"end":{"line":104,"column":25}},{"start":{"line":104,"column":28},"end":{"line":104,"column":38}}],"line":104},"2":{"loc":{"start":{"line":111,"column":29},"end":{"line":111,"column":93}},"type":"cond-expr","locations":[{"start":{"line":111,"column":42},"end":{"line":111,"column":67}},{"start":{"line":111,"column":70},"end":{"line":111,"column":93}}],"line":111},"3":{"loc":{"start":{"line":122,"column":26},"end":{"line":124,"column":50}},"type":"cond-expr","locations":[{"start":{"line":123,"column":30},"end":{"line":123,"column":53}},{"start":{"line":124,"column":30},"end":{"line":124,"column":50}}],"line":122}},"s":{"0":3,"1":3,"2":22,"3":22,"4":22,"5":22,"6":7,"7":7,"8":22,"9":3,"10":3,"11":22,"12":264},"f":{"0":22,"1":7,"2":3,"3":264},"b":{"0":[2,5],"1":[3,0],"2":[17,5],"3":[17,5]},"_coverageSchema":"1a1c01bbd47fc00a2c39e90264f33305004495a9","hash":"6afdf506e71b29ac34131db7dd348a03e6b92260"}
,"/home/rishkp/IdeaProjects/React/react-blinkist-ts/src/components/organisms/MainHeader/MainHeader.tsx": {"path":"/home/rishkp/IdeaProjects/React/react-blinkist-ts/src/components/organisms/MainHeader/MainHeader.tsx","statementMap":{"0":{"start":{"line":14,"column":2},"end":{"line":58,"column":4}}},"fnMap":{"0":{"name":"MainHeader","decl":{"start":{"line":13,"column":24},"end":{"line":13,"column":34}},"loc":{"start":{"line":13,"column":37},"end":{"line":59,"column":1}},"line":13}},"branchMap":{},"s":{"0":10},"f":{"0":10},"b":{},"_coverageSchema":"1a1c01bbd47fc00a2c39e90264f33305004495a9","hash":"ff4d22f498d72460056f5180cfabe84890c45608"}
,"/home/rishkp/IdeaProjects/React/react-blinkist-ts/src/components/organisms/MyLibraryTab/MyLibraryTab.tsx": {"path":"/home/rishkp/IdeaProjects/React/react-blinkist-ts/src/components/organisms/MyLibraryTab/MyLibraryTab.tsx","statementMap":{"0":{"start":{"line":13,"column":21},"end":{"line":22,"column":2}},"1":{"start":{"line":25,"column":28},"end":{"line":25,"column":56}},"2":{"start":{"line":26,"column":60},"end":{"line":26,"column":72}},"3":{"start":{"line":27,"column":44},"end":{"line":27,"column":56}},"4":{"start":{"line":29,"column":23},"end":{"line":31,"column":3}},"5":{"start":{"line":30,"column":4},"end":{"line":30,"column":23}},"6":{"start":{"line":33,"column":25},"end":{"line":51,"column":3}},"7":{"start":{"line":35,"column":4},"end":{"line":49,"column":5}},"8":{"start":{"line":36,"column":6},"end":{"line":41,"column":9}},"9":{"start":{"line":43,"column":6},"end":{"line":48,"column":9}},"10":{"start":{"line":50,"column":4},"end":{"line":50,"column":25}},"11":{"start":{"line":53,"column":2},"end":{"line":61,"column":8}},"12":{"start":{"line":54,"column":21},"end":{"line":59,"column":5}},"13":{"start":{"line":55,"column":22},"end":{"line":55,"column":61}},"14":{"start":{"line":56,"column":21},"end":{"line":56,"column":52}},"15":{"start":{"line":57,"column":6},"end":{"line":57,"column":42}},"16":{"start":{"line":58,"column":6},"end":{"line":58,"column":33}},"17":{"start":{"line":60,"column":4},"end":{"line":60,"column":15}},"18":{"start":{"line":63,"column":2},"end":{"line":82,"column":4}}},"fnMap":{"0":{"name":"MyLibraryTab","decl":{"start":{"line":24,"column":24},"end":{"line":24,"column":36}},"loc":{"start":{"line":24,"column":39},"end":{"line":83,"column":1}},"line":24},"1":{"name":"(anonymous_1)","decl":{"start":{"line":29,"column":23},"end":{"line":29,"column":24}},"loc":{"start":{"line":29,"column":74},"end":{"line":31,"column":3}},"line":29},"2":{"name":"(anonymous_2)","decl":{"start":{"line":33,"column":25},"end":{"line":33,"column":26}},"loc":{"start":{"line":33,"column":48},"end":{"line":51,"column":3}},"line":33},"3":{"name":"(anonymous_3)","decl":{"start":{"line":53,"column":12},"end":{"line":53,"column":13}},"loc":{"start":{"line":53,"column":16},"end":{"line":61,"column":3}},"line":53},"4":{"name":"(anonymous_4)","decl":{"start":{"line":54,"column":21},"end":{"line":54,"column":22}},"loc":{"start":{"line":54,"column":33},"end":{"line":59,"column":5}},"line":54}},"branchMap":{"0":{"loc":{"start":{"line":35,"column":4},"end":{"line":49,"column":5}},"type":"if","locations":[{"start":{"line":35,"column":4},"end":{"line":49,"column":5}},{"start":{"line":42,"column":11},"end":{"line":49,"column":5}}],"line":35}},"s":{"0":3,"1":12,"2":12,"3":12,"4":12,"5":2,"6":12,"7":10,"8":10,"9":0,"10":0,"11":12,"12":10,"13":10,"14":0,"15":0,"16":0,"17":10,"18":12},"f":{"0":12,"1":2,"2":10,"3":10,"4":10},"b":{"0":[10,0]},"_coverageSchema":"1a1c01bbd47fc00a2c39e90264f33305004495a9","hash":"1a3e08ebbf7fcfb7955c3ee994e2fce430f954c9"}
,"/home/rishkp/IdeaProjects/React/react-blinkist-ts/src/components/pages/BookInfo/BookInfo.tsx": {"path":"/home/rishkp/IdeaProjects/React/react-blinkist-ts/src/components/pages/BookInfo/BookInfo.tsx","statementMap":{"0":{"start":{"line":30,"column":14},"end":{"line":74,"column":2}},"1":{"start":{"line":77,"column":28},"end":{"line":77,"column":41}},"2":{"start":{"line":78,"column":38},"end":{"line":78,"column":53}},"3":{"start":{"line":79,"column":34},"end":{"line":79,"column":49}},"4":{"start":{"line":81,"column":2},"end":{"line":89,"column":9}},"5":{"start":{"line":82,"column":16},"end":{"line":87,"column":5}},"6":{"start":{"line":83,"column":17},"end":{"line":83,"column":42}},"7":{"start":{"line":84,"column":27},"end":{"line":84,"column":42}},"8":{"start":{"line":85,"column":6},"end":{"line":85,"column":45}},"9":{"start":{"line":86,"column":6},"end":{"line":86,"column":39}},"10":{"start":{"line":88,"column":4},"end":{"line":88,"column":10}},"11":{"start":{"line":91,"column":2},"end":{"line":105,"column":28}},"12":{"start":{"line":92,"column":19},"end":{"line":103,"column":5}},"13":{"start":{"line":93,"column":6},"end":{"line":102,"column":9}},"14":{"start":{"line":104,"column":4},"end":{"line":104,"column":13}},"15":{"start":{"line":107,"column":23},"end":{"line":109,"column":3}},"16":{"start":{"line":108,"column":4},"end":{"line":108,"column":23}},"17":{"start":{"line":111,"column":29},"end":{"line":113,"column":3}},"18":{"start":{"line":112,"column":4},"end":{"line":112,"column":25}},"19":{"start":{"line":115,"column":32},"end":{"line":117,"column":3}},"20":{"start":{"line":116,"column":4},"end":{"line":116,"column":22}},"21":{"start":{"line":119,"column":2},"end":{"line":269,"column":4}},"22":{"start":{"line":250,"column":12},"end":{"line":263,"column":14}}},"fnMap":{"0":{"name":"BookInfo","decl":{"start":{"line":76,"column":24},"end":{"line":76,"column":32}},"loc":{"start":{"line":76,"column":35},"end":{"line":270,"column":1}},"line":76},"1":{"name":"(anonymous_1)","decl":{"start":{"line":81,"column":12},"end":{"line":81,"column":13}},"loc":{"start":{"line":81,"column":18},"end":{"line":89,"column":3}},"line":81},"2":{"name":"(anonymous_2)","decl":{"start":{"line":82,"column":16},"end":{"line":82,"column":17}},"loc":{"start":{"line":82,"column":28},"end":{"line":87,"column":5}},"line":82},"3":{"name":"(anonymous_3)","decl":{"start":{"line":91,"column":12},"end":{"line":91,"column":13}},"loc":{"start":{"line":91,"column":18},"end":{"line":105,"column":3}},"line":91},"4":{"name":"(anonymous_4)","decl":{"start":{"line":92,"column":19},"end":{"line":92,"column":20}},"loc":{"start":{"line":92,"column":31},"end":{"line":103,"column":5}},"line":92},"5":{"name":"(anonymous_5)","decl":{"start":{"line":107,"column":23},"end":{"line":107,"column":24}},"loc":{"start":{"line":107,"column":74},"end":{"line":109,"column":3}},"line":107},"6":{"name":"(anonymous_6)","decl":{"start":{"line":111,"column":29},"end":{"line":111,"column":30}},"loc":{"start":{"line":111,"column":77},"end":{"line":113,"column":3}},"line":111},"7":{"name":"(anonymous_7)","decl":{"start":{"line":115,"column":32},"end":{"line":115,"column":33}},"loc":{"start":{"line":115,"column":80},"end":{"line":117,"column":3}},"line":115},"8":{"name":"(anonymous_8)","decl":{"start":{"line":249,"column":33},"end":{"line":249,"column":34}},"loc":{"start":{"line":249,"column":64},"end":{"line":264,"column":11}},"line":249}},"branchMap":{"0":{"loc":{"start":{"line":142,"column":15},"end":{"line":152,"column":15}},"type":"binary-expr","locations":[{"start":{"line":142,"column":15},"end":{"line":142,"column":25}},{"start":{"line":143,"column":16},"end":{"line":151,"column":25}}],"line":142},"1":{"loc":{"start":{"line":153,"column":15},"end":{"line":157,"column":15}},"type":"binary-expr","locations":[{"start":{"line":153,"column":15},"end":{"line":153,"column":24}},{"start":{"line":153,"column":28},"end":{"line":153,"column":37}},{"start":{"line":154,"column":16},"end":{"line":156,"column":25}}],"line":153},"2":{"loc":{"start":{"line":158,"column":15},"end":{"line":168,"column":15}},"type":"binary-expr","locations":[{"start":{"line":158,"column":15},"end":{"line":158,"column":24}},{"start":{"line":159,"column":16},"end":{"line":167,"column":25}}],"line":158}},"s":{"0":2,"1":9,"2":8,"3":8,"4":8,"5":4,"6":4,"7":0,"8":0,"9":0,"10":4,"11":8,"12":6,"13":6,"14":6,"15":8,"16":2,"17":8,"18":1,"19":8,"20":1,"21":8,"22":24},"f":{"0":9,"1":4,"2":4,"3":6,"4":6,"5":2,"6":1,"7":1,"8":24},"b":{"0":[8,6],"1":[8,2,1],"2":[8,2]},"_coverageSchema":"1a1c01bbd47fc00a2c39e90264f33305004495a9","hash":"1308638b10b1815ed49ab2cf8f1aea2ff54dcf1b"}
,"/home/rishkp/IdeaProjects/React/react-blinkist-ts/src/components/pages/Explore/Explore.tsx": {"path":"/home/rishkp/IdeaProjects/React/react-blinkist-ts/src/components/pages/Explore/Explore.tsx","statementMap":{"0":{"start":{"line":20,"column":16},"end":{"line":72,"column":1}},"1":{"start":{"line":21,"column":60},"end":{"line":21,"column":72}},"2":{"start":{"line":22,"column":40},"end":{"line":22,"column":52}},"3":{"start":{"line":23,"column":42},"end":{"line":23,"column":54}},"4":{"start":{"line":24,"column":27},"end":{"line":24,"column":47}},"5":{"start":{"line":26,"column":24},"end":{"line":29,"column":3}},"6":{"start":{"line":27,"column":19},"end":{"line":27,"column":72}},"7":{"start":{"line":28,"column":4},"end":{"line":28,"column":25}},"8":{"start":{"line":31,"column":2},"end":{"line":37,"column":9}},"9":{"start":{"line":32,"column":21},"end":{"line":35,"column":5}},"10":{"start":{"line":33,"column":18},"end":{"line":33,"column":39}},"11":{"start":{"line":34,"column":6},"end":{"line":34,"column":38}},"12":{"start":{"line":36,"column":4},"end":{"line":36,"column":15}},"13":{"start":{"line":39,"column":2},"end":{"line":46,"column":25}},"14":{"start":{"line":40,"column":21},"end":{"line":44,"column":5}},"15":{"start":{"line":41,"column":18},"end":{"line":41,"column":39}},"16":{"start":{"line":42,"column":6},"end":{"line":42,"column":38}},"17":{"start":{"line":43,"column":6},"end":{"line":43,"column":27}},"18":{"start":{"line":45,"column":4},"end":{"line":45,"column":15}},"19":{"start":{"line":48,"column":23},"end":{"line":61,"column":3}},"20":{"start":{"line":49,"column":4},"end":{"line":49,"column":25}},"21":{"start":{"line":50,"column":4},"end":{"line":50,"column":27}},"22":{"start":{"line":51,"column":4},"end":{"line":60,"column":5}},"23":{"start":{"line":52,"column":6},"end":{"line":52,"column":44}},"24":{"start":{"line":55,"column":16},"end":{"line":58,"column":8}},"25":{"start":{"line":56,"column":8},"end":{"line":57,"column":79}},"26":{"start":{"line":59,"column":6},"end":{"line":59,"column":26}},"27":{"start":{"line":64,"column":2},"end":{"line":71,"column":4}}},"fnMap":{"0":{"name":"(anonymous_0)","decl":{"start":{"line":20,"column":16},"end":{"line":20,"column":17}},"loc":{"start":{"line":20,"column":22},"end":{"line":72,"column":1}},"line":20},"1":{"name":"(anonymous_1)","decl":{"start":{"line":26,"column":24},"end":{"line":26,"column":25}},"loc":{"start":{"line":26,"column":36},"end":{"line":29,"column":3}},"line":26},"2":{"name":"(anonymous_2)","decl":{"start":{"line":31,"column":12},"end":{"line":31,"column":13}},"loc":{"start":{"line":31,"column":18},"end":{"line":37,"column":3}},"line":31},"3":{"name":"(anonymous_3)","decl":{"start":{"line":32,"column":21},"end":{"line":32,"column":22}},"loc":{"start":{"line":32,"column":33},"end":{"line":35,"column":5}},"line":32},"4":{"name":"(anonymous_4)","decl":{"start":{"line":39,"column":12},"end":{"line":39,"column":13}},"loc":{"start":{"line":39,"column":18},"end":{"line":46,"column":3}},"line":39},"5":{"name":"(anonymous_5)","decl":{"start":{"line":40,"column":21},"end":{"line":40,"column":22}},"loc":{"start":{"line":40,"column":33},"end":{"line":44,"column":5}},"line":40},"6":{"name":"(anonymous_6)","decl":{"start":{"line":48,"column":23},"end":{"line":48,"column":24}},"loc":{"start":{"line":48,"column":42},"end":{"line":61,"column":3}},"line":48},"7":{"name":"(anonymous_7)","decl":{"start":{"line":55,"column":45},"end":{"line":55,"column":46}},"loc":{"start":{"line":55,"column":61},"end":{"line":58,"column":7}},"line":55}},"branchMap":{"0":{"loc":{"start":{"line":51,"column":4},"end":{"line":60,"column":5}},"type":"if","locations":[{"start":{"line":51,"column":4},"end":{"line":60,"column":5}},{"start":{"line":54,"column":9},"end":{"line":60,"column":5}}],"line":51},"1":{"loc":{"start":{"line":51,"column":8},"end":{"line":51,"column":42}},"type":"binary-expr","locations":[{"start":{"line":51,"column":8},"end":{"line":51,"column":13}},{"start":{"line":51,"column":17},"end":{"line":51,"column":42}}],"line":51},"2":{"loc":{"start":{"line":56,"column":15},"end":{"line":57,"column":78}},"type":"binary-expr","locations":[{"start":{"line":56,"column":15},"end":{"line":56,"column":82}},{"start":{"line":57,"column":10},"end":{"line":57,"column":78}}],"line":56}},"s":{"0":2,"1":6,"2":5,"3":5,"4":5,"5":5,"6":6,"7":2,"8":5,"9":3,"10":3,"11":1,"12":3,"13":5,"14":3,"15":3,"16":1,"17":1,"18":3,"19":5,"20":2,"21":2,"22":2,"23":1,"24":1,"25":0,"26":1,"27":5},"f":{"0":6,"1":6,"2":3,"3":3,"4":3,"5":3,"6":2,"7":0},"b":{"0":[1,1],"1":[2,1],"2":[0,0]},"_coverageSchema":"1a1c01bbd47fc00a2c39e90264f33305004495a9","hash":"6fc4bcffc05e6e6e94dc45e57f3fc1237046f5b9"}
,"/home/rishkp/IdeaProjects/React/react-blinkist-ts/src/components/pages/MyLibrary/MyLibrary.tsx": {"path":"/home/rishkp/IdeaProjects/React/react-blinkist-ts/src/components/pages/MyLibrary/MyLibrary.tsx","statementMap":{"0":{"start":{"line":7,"column":2},"end":{"line":12,"column":6}}},"fnMap":{"0":{"name":"MyLibrary","decl":{"start":{"line":6,"column":24},"end":{"line":6,"column":33}},"loc":{"start":{"line":6,"column":36},"end":{"line":13,"column":1}},"line":6}},"branchMap":{},"s":{"0":6},"f":{"0":6},"b":{},"_coverageSchema":"1a1c01bbd47fc00a2c39e90264f33305004495a9","hash":"142a2b1ee4b675b7e9537f9fe06f990f7a62f08c"}
,"/home/rishkp/IdeaProjects/React/react-blinkist-ts/src/data/booksdata.js": {"path":"/home/rishkp/IdeaProjects/React/react-blinkist-ts/src/data/booksdata.js","statementMap":{"0":{"start":{"line":16,"column":24},"end":{"line":29,"column":1}},"1":{"start":{"line":31,"column":27},"end":{"line":44,"column":1}},"2":{"start":{"line":46,"column":19},"end":{"line":497,"column":1}}},"fnMap":{},"branchMap":{},"s":{"0":5,"1":5,"2":5},"f":{},"b":{},"_coverageSchema":"1a1c01bbd47fc00a2c39e90264f33305004495a9","hash":"1ad4b35b9461039c52187a1dd2ea274c9e821dbf"}
}
