{"/home/rishkp/IdeaProjects/React/react-blinkist-ts/src/App.tsx": {"path":"/home/rishkp/IdeaProjects/React/react-blinkist-ts/src/App.tsx","statementMap":{"0":{"start":{"line":13,"column":2},"end":{"line":27,"column":4}}},"fnMap":{"0":{"name":"App","decl":{"start":{"line":12,"column":9},"end":{"line":12,"column":12}},"loc":{"start":{"line":12,"column":15},"end":{"line":28,"column":1}},"line":12}},"branchMap":{},"s":{"0":5},"f":{"0":5},"b":{},"_coverageSchema":"1a1c01bbd47fc00a2c39e90264f33305004495a9","hash":"5a6b70a1469eeed3af5ee4aeb8dd2b303dc1bcb0"}
,"/home/rishkp/IdeaProjects/React/react-blinkist-ts/src/components/molecules/Account/AccountDropDown.tsx": {"path":"/home/rishkp/IdeaProjects/React/react-blinkist-ts/src/components/molecules/Account/AccountDropDown.tsx","statementMap":{"0":{"start":{"line":12,"column":14},"end":{"line":59,"column":2}},"1":{"start":{"line":62,"column":32},"end":{"line":62,"column":53}},"2":{"start":{"line":63,"column":28},"end":{"line":63,"column":69}},"3":{"start":{"line":64,"column":36},"end":{"line":64,"column":76}},"4":{"start":{"line":65,"column":17},"end":{"line":65,"column":34}},"5":{"start":{"line":67,"column":24},"end":{"line":76,"column":5}},"6":{"start":{"line":68,"column":8},"end":{"line":68,"column":41}},"7":{"start":{"line":69,"column":8},"end":{"line":75,"column":9}},"8":{"start":{"line":70,"column":12},"end":{"line":70,"column":26}},"9":{"start":{"line":73,"column":12},"end":{"line":73,"column":45}},"10":{"start":{"line":74,"column":12},"end":{"line":74,"column":28}},"11":{"start":{"line":78,"column":24},"end":{"line":82,"column":5}},"12":{"start":{"line":79,"column":8},"end":{"line":79,"column":25}},"13":{"start":{"line":80,"column":8},"end":{"line":80,"column":26}},"14":{"start":{"line":81,"column":8},"end":{"line":81,"column":43}},"15":{"start":{"line":84,"column":4},"end":{"line":138,"column":6}}},"fnMap":{"0":{"name":"AccountDropdown","decl":{"start":{"line":61,"column":24},"end":{"line":61,"column":39}},"loc":{"start":{"line":61,"column":42},"end":{"line":139,"column":1}},"line":61},"1":{"name":"(anonymous_1)","decl":{"start":{"line":67,"column":24},"end":{"line":67,"column":25}},"loc":{"start":{"line":67,"column":72},"end":{"line":76,"column":5}},"line":67},"2":{"name":"(anonymous_2)","decl":{"start":{"line":78,"column":24},"end":{"line":78,"column":25}},"loc":{"start":{"line":78,"column":30},"end":{"line":82,"column":5}},"line":78}},"branchMap":{"0":{"loc":{"start":{"line":69,"column":8},"end":{"line":75,"column":9}},"type":"if","locations":[{"start":{"line":69,"column":8},"end":{"line":75,"column":9}},{"start":{"line":72,"column":12},"end":{"line":75,"column":9}}],"line":69},"1":{"loc":{"start":{"line":89,"column":35},"end":{"line":89,"column":68}},"type":"cond-expr","locations":[{"start":{"line":89,"column":42},"end":{"line":89,"column":56}},{"start":{"line":89,"column":59},"end":{"line":89,"column":68}}],"line":89},"2":{"loc":{"start":{"line":91,"column":35},"end":{"line":91,"column":60}},"type":"cond-expr","locations":[{"start":{"line":91,"column":42},"end":{"line":91,"column":48}},{"start":{"line":91,"column":51},"end":{"line":91,"column":60}}],"line":91},"3":{"loc":{"start":{"line":103,"column":26},"end":{"line":105,"column":50}},"type":"cond-expr","locations":[{"start":{"line":104,"column":30},"end":{"line":104,"column":53}},{"start":{"line":105,"column":30},"end":{"line":105,"column":50}}],"line":103}},"s":{"0":3,"1":17,"2":14,"3":14,"4":14,"5":14,"6":0,"7":0,"8":0,"9":0,"10":0,"11":14,"12":0,"13":0,"14":0,"15":14},"f":{"0":17,"1":0,"2":0},"b":{"0":[0,0],"1":[0,14],"2":[0,14],"3":[14,0]},"_coverageSchema":"1a1c01bbd47fc00a2c39e90264f33305004495a9","hash":"f5de486f6f5a9d6d6d78a9f3004122f07a63064f"}
,"/home/rishkp/IdeaProjects/React/react-blinkist-ts/src/components/molecules/BookCard/BookCard.tsx": {"path":"/home/rishkp/IdeaProjects/React/react-blinkist-ts/src/components/molecules/BookCard/BookCard.tsx","statementMap":{"0":{"start":{"line":25,"column":21},"end":{"line":92,"column":2}},"1":{"start":{"line":96,"column":4},"end":{"line":151,"column":6}}},"fnMap":{"0":{"name":"BookCard","decl":{"start":{"line":95,"column":24},"end":{"line":95,"column":32}},"loc":{"start":{"line":95,"column":55},"end":{"line":152,"column":1}},"line":95}},"branchMap":{"0":{"loc":{"start":{"line":124,"column":29},"end":{"line":128,"column":29}},"type":"binary-expr","locations":[{"start":{"line":124,"column":29},"end":{"line":124,"column":48}},{"start":{"line":125,"column":32},"end":{"line":127,"column":38}}],"line":124},"1":{"loc":{"start":{"line":133,"column":29},"end":{"line":142,"column":29}},"type":"binary-expr","locations":[{"start":{"line":133,"column":29},"end":{"line":133,"column":49}},{"start":{"line":134,"column":32},"end":{"line":141,"column":41}}],"line":133},"2":{"loc":{"start":{"line":143,"column":29},"end":{"line":145,"column":29}},"type":"binary-expr","locations":[{"start":{"line":143,"column":29},"end":{"line":143,"column":48}},{"start":{"line":144,"column":32},"end":{"line":144,"column":130}}],"line":143}},"s":{"0":7,"1":46},"f":{"0":46},"b":{"0":[43,19],"1":[43,24],"2":[43,19]},"_coverageSchema":"1a1c01bbd47fc00a2c39e90264f33305004495a9","hash":"4108b0a3c452abbc2449554a7ad79acdd000675e"}
}
