TN:
SF:src/App.tsx
FN:13,App
FNF:1
FNH:1
FNDA:5,App
DA:14,5
LF:1
LH:1
BRF:0
BRH:0
end_of_record
TN:
SF:src/index.tsx
FNF:0
FNH:0
DA:6,0
DA:12,0
LF:2
LH:0
BRF:0
BRH:0
end_of_record
TN:
SF:src/Theme/Theme.tsx
FNF:0
FNH:0
DA:4,1
LF:1
LH:1
BRF:0
BRH:0
end_of_record
TN:
SF:src/components/atoms/Buttons/CustomIconButton.tsx
FN:12,(anonymous_0)
FNF:1
FNH:1
FNDA:11,(anonymous_0)
DA:12,3
DA:13,11
LF:2
LH:2
BRF:0
BRH:0
end_of_record
TN:
SF:src/components/atoms/Buttons/DefaultButton.tsx
FN:13,(anonymous_0)
FNF:1
FNH:1
FNDA:2,(anonymous_0)
DA:13,1
DA:14,2
LF:2
LH:2
BRF:0
BRH:0
end_of_record
TN:
SF:src/components/atoms/Buttons/EndIconButton.stories.tsx
FN:11,(anonymous_0)
FNF:1
FNH:0
FNDA:0,(anonymous_0)
DA:11,0
DA:12,0
DA:15,0
DA:17,0
LF:4
LH:0
BRF:0
BRH:0
end_of_record
TN:
SF:src/components/atoms/Buttons/EndIconButton.tsx
FN:15,(anonymous_0)
FNF:1
FNH:1
FNDA:3,(anonymous_0)
DA:15,1
DA:16,3
LF:2
LH:2
BRF:0
BRH:0
end_of_record
TN:
SF:src/components/atoms/Logo/Logo.stories.tsx
FN:10,(anonymous_0)
FNF:1
FNH:0
FNDA:0,(anonymous_0)
DA:10,0
DA:12,0
LF:2
LH:0
BRF:0
BRH:0
end_of_record
TN:
SF:src/components/atoms/Logo/Logo.tsx
FN:4,Logo
FNF:1
FNH:1
FNDA:14,Logo
DA:5,14
LF:1
LH:1
BRF:0
BRH:0
end_of_record
TN:
SF:src/components/molecules/Account/AccountDropDown.stories.tsx
FN:10,(anonymous_0)
FNF:1
FNH:0
FNDA:0,(anonymous_0)
DA:10,0
DA:11,0
DA:14,0
LF:3
LH:0
BRF:0
BRH:0
end_of_record
TN:
SF:src/components/molecules/Account/AccountDropDown.tsx
FN:61,AccountDropdown
FN:67,(anonymous_1)
FN:78,(anonymous_2)
FNF:3
FNH:1
FNDA:17,AccountDropdown
FNDA:0,(anonymous_1)
FNDA:0,(anonymous_2)
DA:12,3
DA:62,17
DA:63,14
DA:64,14
DA:65,14
DA:67,14
DA:68,0
DA:69,0
DA:70,0
DA:71,0
DA:74,0
DA:78,14
DA:79,0
DA:80,0
DA:81,0
DA:84,14
LF:16
LH:8
BRDA:70,0,0,0
BRDA:70,0,1,0
BRDA:89,1,0,0
BRDA:89,1,1,14
BRDA:91,2,0,0
BRDA:91,2,1,14
BRDA:103,3,0,14
BRDA:103,3,1,0
BRF:8
BRH:3
end_of_record
TN:
SF:src/components/molecules/BookCard/BookCard.stories.tsx
FN:10,(anonymous_0)
FNF:1
FNH:0
FNDA:0,(anonymous_0)
DA:10,0
DA:11,0
DA:14,0
DA:16,0
DA:26,0
DA:28,0
LF:6
LH:0
BRF:0
BRH:0
end_of_record
TN:
SF:src/components/molecules/BookCard/BookCard.tsx
FN:94,BookCard
FNF:1
FNH:1
FNDA:46,BookCard
DA:24,7
DA:95,46
LF:2
LH:2
BRDA:123,0,0,43
BRDA:123,0,1,19
BRDA:132,1,0,43
BRDA:132,1,1,24
BRDA:142,2,0,43
BRDA:142,2,1,19
BRF:6
BRH:6
end_of_record
TN:
SF:src/components/molecules/SearchInput/SearchInput.stories.tsx
FN:10,(anonymous_0)
FNF:1
FNH:0
FNDA:0,(anonymous_0)
DA:10,0
DA:11,0
DA:14,0
LF:3
LH:0
BRF:0
BRH:0
end_of_record
TN:
SF:src/components/molecules/SearchInput/SearchInput.tsx
FN:12,SearchInput
FN:14,(anonymous_1)
FNF:2
FNH:2
FNDA:8,SearchInput
FNDA:4,(anonymous_1)
DA:13,8
DA:14,8
DA:15,4
DA:16,4
DA:19,8
LF:5
LH:5
BRF:0
BRH:0
end_of_record
TN:
SF:src/components/organisms/CardGrid/CardGrid.stories.tsx
FN:11,(anonymous_0)
FNF:1
FNH:0
FNDA:0,(anonymous_0)
DA:11,0
DA:12,0
DA:15,0
DA:17,0
LF:4
LH:0
BRF:0
BRH:0
end_of_record
TN:
SF:src/components/organisms/CardGrid/CardGrid.tsx
FN:21,(anonymous_0)
FN:24,(anonymous_1)
FNF:2
FNH:2
FNDA:21,(anonymous_0)
FNDA:24,(anonymous_1)
DA:21,5
DA:22,21
DA:25,24
DA:26,4
DA:43,20
LF:5
LH:5
BRDA:25,0,0,4
BRDA:25,0,1,20
BRF:2
BRH:2
end_of_record
TN:
SF:src/components/organisms/Explore/ExploreDialog.stories.tsx
FN:10,(anonymous_0)
FNF:1
FNH:0
FNDA:0,(anonymous_0)
DA:10,0
DA:11,0
DA:14,0
LF:3
LH:0
BRF:0
BRH:0
end_of_record
TN:
SF:src/components/organisms/Explore/ExploreDialog.tsx
FN:94,ExploreDialog
FN:98,(anonymous_1)
FN:102,(anonymous_2)
FN:166,(anonymous_3)
FNF:4
FNH:4
FNDA:18,ExploreDialog
FNDA:4,(anonymous_1)
FNDA:2,(anonymous_2)
FNDA:216,(anonymous_3)
DA:14,3
DA:79,3
DA:95,18
DA:96,18
DA:97,18
DA:98,18
DA:99,4
DA:100,4
DA:102,18
DA:103,2
DA:104,2
DA:107,18
DA:167,216
LF:13
LH:13
BRDA:100,0,0,1
BRDA:100,0,1,3
BRDA:104,1,0,2
BRDA:104,1,1,0
BRDA:111,2,0,15
BRDA:111,2,1,3
BRDA:122,3,0,15
BRDA:122,3,1,3
BRF:8
BRH:7
end_of_record
TN:
SF:src/components/organisms/MainHeader/MainHeader.stories.tsx
FN:10,(anonymous_0)
FNF:1
FNH:0
FNDA:0,(anonymous_0)
DA:10,0
DA:11,0
DA:14,0
LF:3
LH:0
BRF:0
BRH:0
end_of_record
TN:
SF:src/components/organisms/MainHeader/MainHeader.tsx
FN:13,MainHeader
FNF:1
FNH:1
FNDA:12,MainHeader
DA:14,12
LF:1
LH:1
BRF:0
BRH:0
end_of_record
TN:
SF:src/components/organisms/MyLibraryTab/MyLibrary.stories.tsx
FN:10,(anonymous_0)
FNF:1
FNH:0
FNDA:0,(anonymous_0)
DA:10,0
DA:11,0
DA:14,0
LF:3
LH:0
BRF:0
BRH:0
end_of_record
TN:
SF:src/components/organisms/MyLibraryTab/MyLibraryTab.tsx
FN:24,MyLibraryTab
FN:29,(anonymous_1)
FN:33,(anonymous_2)
FN:53,(anonymous_3)
FN:54,(anonymous_4)
FNF:5
FNH:5
FNDA:12,MyLibraryTab
FNDA:2,(anonymous_1)
FNDA:6,(anonymous_2)
FNDA:6,(anonymous_3)
FNDA:6,(anonymous_4)
DA:13,3
DA:25,12
DA:26,12
DA:27,12
DA:29,12
DA:30,2
DA:33,12
DA:35,6
DA:36,6
DA:43,0
DA:50,0
DA:53,12
DA:54,6
DA:55,6
DA:56,0
DA:57,0
DA:58,0
DA:60,6
DA:63,12
LF:19
LH:14
BRDA:35,0,0,6
BRDA:35,0,1,0
BRF:2
BRH:1
end_of_record
TN:
SF:src/components/pages/NotFound.tsx
FN:3,(anonymous_0)
FNF:1
FNH:0
FNDA:0,(anonymous_0)
DA:3,1
DA:4,0
LF:2
LH:1
BRF:0
BRH:0
end_of_record
TN:
SF:src/components/pages/BookInfo/BookInfo.stories.tsx
FN:10,(anonymous_0)
FNF:1
FNH:0
FNDA:0,(anonymous_0)
DA:10,0
DA:11,0
DA:14,0
LF:3
LH:0
BRF:0
BRH:0
end_of_record
TN:
SF:src/components/pages/BookInfo/BookInfo.tsx
FN:76,BookInfo
FN:81,(anonymous_1)
FN:82,(anonymous_2)
FN:91,(anonymous_3)
FN:92,(anonymous_4)
FN:107,(anonymous_5)
FN:111,(anonymous_6)
FN:115,(anonymous_7)
FN:249,(anonymous_8)
FNF:9
FNH:2
FNDA:5,BookInfo
FNDA:0,(anonymous_1)
FNDA:0,(anonymous_2)
FNDA:0,(anonymous_3)
FNDA:0,(anonymous_4)
FNDA:0,(anonymous_5)
FNDA:0,(anonymous_6)
FNDA:0,(anonymous_7)
FNDA:12,(anonymous_8)
DA:30,2
DA:77,5
DA:78,4
DA:79,4
DA:81,4
DA:82,0
DA:83,0
DA:84,0
DA:85,0
DA:86,0
DA:88,0
DA:91,4
DA:92,0
DA:93,0
DA:104,0
DA:107,4
DA:108,0
DA:111,4
DA:112,0
DA:115,4
DA:116,0
DA:119,4
DA:250,12
LF:23
LH:11
BRDA:142,0,0,4
BRDA:142,0,1,4
BRDA:153,1,0,4
BRDA:153,1,1,0
BRDA:153,1,2,0
BRDA:158,2,0,4
BRDA:158,2,1,0
BRF:7
BRH:4
end_of_record
TN:
SF:src/components/pages/Explore/Explore.stories.tsx
FN:10,(anonymous_0)
FNF:1
FNH:0
FNDA:0,(anonymous_0)
DA:10,0
DA:11,0
DA:14,0
LF:3
LH:0
BRF:0
BRH:0
end_of_record
TN:
SF:src/components/pages/Explore/Explore.tsx
FN:20,(anonymous_0)
FN:26,(anonymous_1)
FN:31,(anonymous_2)
FN:32,(anonymous_3)
FN:39,(anonymous_4)
FN:40,(anonymous_5)
FN:48,(anonymous_6)
FN:55,(anonymous_7)
FNF:8
FNH:7
FNDA:5,(anonymous_0)
FNDA:4,(anonymous_1)
FNDA:2,(anonymous_2)
FNDA:2,(anonymous_3)
FNDA:2,(anonymous_4)
FNDA:2,(anonymous_5)
FNDA:2,(anonymous_6)
FNDA:0,(anonymous_7)
DA:20,2
DA:21,5
DA:22,4
DA:23,4
DA:24,4
DA:26,4
DA:27,4
DA:28,2
DA:31,4
DA:32,2
DA:33,2
DA:34,1
DA:36,2
DA:39,4
DA:40,2
DA:41,2
DA:42,1
DA:43,1
DA:45,2
DA:48,4
DA:49,2
DA:50,2
DA:51,2
DA:52,1
DA:55,1
DA:56,0
DA:59,1
DA:64,4
LF:28
LH:27
BRDA:51,0,0,1
BRDA:51,0,1,1
BRDA:51,1,0,2
BRDA:51,1,1,1
BRDA:56,2,0,0
BRDA:56,2,1,0
BRF:6
BRH:4
end_of_record
TN:
SF:src/components/pages/MyLibrary/MyLibrary.stories.tsx
FN:10,(anonymous_0)
FNF:1
FNH:0
FNDA:0,(anonymous_0)
DA:10,0
DA:11,0
DA:14,0
LF:3
LH:0
BRF:0
BRH:0
end_of_record
TN:
SF:src/components/pages/MyLibrary/MyLibrary.tsx
FN:6,MyLibrary
FNF:1
FNH:1
FNDA:6,MyLibrary
DA:7,6
LF:1
LH:1
BRF:0
BRH:0
end_of_record
TN:
SF:src/data/booksdata.js
FNF:0
FNH:0
DA:16,5
DA:31,5
DA:46,5
LF:3
LH:3
BRF:0
BRH:0
end_of_record
