TN:
SF:src/App.tsx
FN:12,App
FNF:1
FNH:1
FNDA:4,App
DA:13,4
LF:1
LH:1
BRF:0
BRH:0
end_of_record
TN:
SF:src/Theme/Theme.tsx
FNF:0
FNH:0
DA:4,1
LF:1
LH:1
BRF:0
BRH:0
end_of_record
TN:
SF:src/api/books.ts
FNF:0
FNH:0
LF:0
LH:0
BRF:0
BRH:0
end_of_record
TN:
SF:src/components/atoms/Buttons/CustomIconButton.tsx
FN:12,(anonymous_0)
FNF:1
FNH:1
FNDA:11,(anonymous_0)
DA:12,3
DA:13,11
LF:2
LH:2
BRF:0
BRH:0
end_of_record
TN:
SF:src/components/atoms/Buttons/DefaultButton.tsx
FN:13,(anonymous_0)
FNF:1
FNH:1
FNDA:2,(anonymous_0)
DA:13,1
DA:14,2
LF:2
LH:2
BRF:0
BRH:0
end_of_record
TN:
SF:src/components/atoms/Buttons/EndIconButton.tsx
FN:15,(anonymous_0)
FNF:1
FNH:1
FNDA:3,(anonymous_0)
DA:15,1
DA:16,3
LF:2
LH:2
BRF:0
BRH:0
end_of_record
TN:
SF:src/components/atoms/Logo/Logo.tsx
FN:4,Logo
FNF:1
FNH:1
FNDA:11,Logo
DA:5,11
LF:1
LH:1
BRF:0
BRH:0
end_of_record
TN:
SF:src/components/molecules/Account/AccountDropDown.tsx
FN:61,AccountDropdown
FN:67,(anonymous_1)
FN:78,(anonymous_2)
FNF:3
FNH:3
FNDA:21,AccountDropdown
FNDA:7,(anonymous_1)
FNDA:3,(anonymous_2)
DA:12,3
DA:62,21
DA:63,21
DA:64,21
DA:65,21
DA:67,21
DA:68,7
DA:69,7
DA:70,3
DA:73,4
DA:75,7
DA:78,21
DA:79,3
DA:80,3
DA:81,3
DA:84,21
LF:16
LH:16
BRDA:69,0,0,3
BRDA:69,0,1,4
BRDA:89,1,0,4
BRDA:89,1,1,17
BRDA:91,2,0,4
BRDA:91,2,1,17
BRDA:103,3,0,17
BRDA:103,3,1,4
BRF:8
BRH:8
end_of_record
TN:
SF:src/components/molecules/BookCard/BookCard.tsx
FN:94,BookCard
FNF:1
FNH:1
FNDA:55,BookCard
DA:24,7
DA:95,55
LF:2
LH:2
BRDA:123,0,0,55
BRDA:123,0,1,23
BRDA:132,1,0,55
BRDA:132,1,1,32
BRDA:142,2,0,55
BRDA:142,2,1,23
BRF:6
BRH:6
end_of_record
TN:
SF:src/components/molecules/SearchInput/SearchInput.tsx
FN:12,SearchInput
FN:14,(anonymous_1)
FNF:2
FNH:2
FNDA:9,SearchInput
FNDA:4,(anonymous_1)
DA:13,9
DA:14,9
DA:15,4
DA:16,4
DA:19,9
LF:5
LH:5
BRF:0
BRH:0
end_of_record
TN:
SF:src/components/organisms/CardGrid/CardGrid.tsx
FN:21,(anonymous_0)
FN:24,(anonymous_1)
FNF:2
FNH:2
FNDA:21,(anonymous_0)
FNDA:24,(anonymous_1)
DA:21,5
DA:22,21
DA:25,24
DA:26,4
DA:43,20
LF:5
LH:5
BRDA:25,0,0,4
BRDA:25,0,1,20
BRF:2
BRH:2
end_of_record
TN:
SF:src/components/organisms/Explore/ExploreDialog.tsx
FN:94,ExploreDialog
FN:98,(anonymous_1)
FN:102,(anonymous_2)
FN:166,(anonymous_3)
FNF:4
FNH:4
FNDA:22,ExploreDialog
FNDA:7,(anonymous_1)
FNDA:3,(anonymous_2)
FNDA:264,(anonymous_3)
DA:14,3
DA:79,3
DA:95,22
DA:96,22
DA:97,22
DA:98,22
DA:99,7
DA:100,7
DA:102,22
DA:103,3
DA:104,3
DA:107,22
DA:167,264
LF:13
LH:13
BRDA:100,0,0,2
BRDA:100,0,1,5
BRDA:104,1,0,3
BRDA:104,1,1,0
BRDA:111,2,0,17
BRDA:111,2,1,5
BRDA:122,3,0,17
BRDA:122,3,1,5
BRF:8
BRH:7
end_of_record
TN:
SF:src/components/organisms/MainHeader/MainHeader.tsx
FN:13,MainHeader
FNF:1
FNH:1
FNDA:10,MainHeader
DA:14,10
LF:1
LH:1
BRF:0
BRH:0
end_of_record
TN:
SF:src/components/organisms/MyLibraryTab/MyLibraryTab.tsx
FN:24,MyLibraryTab
FN:29,(anonymous_1)
FN:33,(anonymous_2)
FN:53,(anonymous_3)
FN:54,(anonymous_4)
FNF:5
FNH:5
FNDA:12,MyLibraryTab
FNDA:2,(anonymous_1)
FNDA:10,(anonymous_2)
FNDA:10,(anonymous_3)
FNDA:10,(anonymous_4)
DA:13,3
DA:25,12
DA:26,12
DA:27,12
DA:29,12
DA:30,2
DA:33,12
DA:35,10
DA:36,10
DA:43,0
DA:50,0
DA:53,12
DA:54,10
DA:55,10
DA:56,0
DA:57,0
DA:58,0
DA:60,10
DA:63,12
LF:19
LH:14
BRDA:35,0,0,10
BRDA:35,0,1,0
BRF:2
BRH:1
end_of_record
TN:
SF:src/components/pages/BookInfo/BookInfo.tsx
FN:76,BookInfo
FN:81,(anonymous_1)
FN:82,(anonymous_2)
FN:91,(anonymous_3)
FN:92,(anonymous_4)
FN:107,(anonymous_5)
FN:111,(anonymous_6)
FN:115,(anonymous_7)
FN:249,(anonymous_8)
FNF:9
FNH:9
FNDA:9,BookInfo
FNDA:4,(anonymous_1)
FNDA:4,(anonymous_2)
FNDA:6,(anonymous_3)
FNDA:6,(anonymous_4)
FNDA:2,(anonymous_5)
FNDA:1,(anonymous_6)
FNDA:1,(anonymous_7)
FNDA:24,(anonymous_8)
DA:30,2
DA:77,9
DA:78,8
DA:79,8
DA:81,8
DA:82,4
DA:83,4
DA:84,0
DA:85,0
DA:86,0
DA:88,4
DA:91,8
DA:92,6
DA:93,6
DA:104,6
DA:107,8
DA:108,2
DA:111,8
DA:112,1
DA:115,8
DA:116,1
DA:119,8
DA:250,24
LF:23
LH:20
BRDA:142,0,0,8
BRDA:142,0,1,6
BRDA:153,1,0,8
BRDA:153,1,1,2
BRDA:153,1,2,1
BRDA:158,2,0,8
BRDA:158,2,1,2
BRF:7
BRH:7
end_of_record
TN:
SF:src/components/pages/Explore/Explore.tsx
FN:20,(anonymous_0)
FN:26,(anonymous_1)
FN:31,(anonymous_2)
FN:32,(anonymous_3)
FN:39,(anonymous_4)
FN:40,(anonymous_5)
FN:48,(anonymous_6)
FN:55,(anonymous_7)
FNF:8
FNH:7
FNDA:6,(anonymous_0)
FNDA:6,(anonymous_1)
FNDA:3,(anonymous_2)
FNDA:3,(anonymous_3)
FNDA:3,(anonymous_4)
FNDA:3,(anonymous_5)
FNDA:2,(anonymous_6)
FNDA:0,(anonymous_7)
DA:20,2
DA:21,6
DA:22,5
DA:23,5
DA:24,5
DA:26,5
DA:27,6
DA:28,2
DA:31,5
DA:32,3
DA:33,3
DA:34,1
DA:36,3
DA:39,5
DA:40,3
DA:41,3
DA:42,1
DA:43,1
DA:45,3
DA:48,5
DA:49,2
DA:50,2
DA:51,2
DA:52,1
DA:55,1
DA:56,0
DA:59,1
DA:64,5
LF:28
LH:27
BRDA:51,0,0,1
BRDA:51,0,1,1
BRDA:51,1,0,2
BRDA:51,1,1,1
BRDA:56,2,0,0
BRDA:56,2,1,0
BRF:6
BRH:4
end_of_record
TN:
SF:src/components/pages/MyLibrary/MyLibrary.tsx
FN:6,MyLibrary
FNF:1
FNH:1
FNDA:6,MyLibrary
DA:7,6
LF:1
LH:1
BRF:0
BRH:0
end_of_record
TN:
SF:src/data/booksdata.js
FNF:0
FNH:0
DA:16,5
DA:31,5
DA:46,5
LF:3
LH:3
BRF:0
BRH:0
end_of_record
